C:\xampp\htdocs\taskinator\.htaccess
C:\xampp\htdocs\taskinator\api\.htaccess
C:\xampp\htdocs\taskinator\api\index.php
C:\xampp\htdocs\taskinator\composer.json
C:\xampp\htdocs\taskinator\controllers\AdminController.php
C:\xampp\htdocs\taskinator\controllers\ApiController.php
C:\xampp\htdocs\taskinator\controllers\ControllerBase.php
C:\xampp\htdocs\taskinator\controllers\OthersController.php
C:\xampp\htdocs\taskinator\controllers\ReviewsAndRatingsController.php
C:\xampp\htdocs\taskinator\controllers\RoleController.php
C:\xampp\htdocs\taskinator\controllers\ServiceController.php
C:\xampp\htdocs\taskinator\controllers\ServicesController.php
C:\xampp\htdocs\taskinator\controllers\TaskController.php
C:\xampp\htdocs\taskinator\controllers\TaskerController.php
C:\xampp\htdocs\taskinator\controllers\TaskerServiceController.php
C:\xampp\htdocs\taskinator\controllers\TasksController.php
C:\xampp\htdocs\taskinator\controllers\UserController.php
C:\xampp\htdocs\taskinator\controllers\UserLevelPermissionsController.php
C:\xampp\htdocs\taskinator\controllers\UserLevelsController.php
C:\xampp\htdocs\taskinator\controllers\UsersController.php
C:\xampp\htdocs\taskinator\css\ewpdf.scss
C:\xampp\htdocs\taskinator\css\query-builder.scss
C:\xampp\htdocs\taskinator\css\tabulator_bootstrap5.scss
C:\xampp\htdocs\taskinator\css\taskinator_project_file.scss
C:\xampp\htdocs\taskinator\css\tempus-dominus.scss
C:\xampp\htdocs\taskinator\files\index.html
C:\xampp\htdocs\taskinator\index.php
C:\xampp\htdocs\taskinator\js\eweditor.js
C:\xampp\htdocs\taskinator\js\userevent.js
C:\xampp\htdocs\taskinator\js\userfn.js
C:\xampp\htdocs\taskinator\log\index.html
C:\xampp\htdocs\taskinator\models\Admin.php
C:\xampp\htdocs\taskinator\models\AdminAdd.php
C:\xampp\htdocs\taskinator\models\AdminDelete.php
C:\xampp\htdocs\taskinator\models\AdminEdit.php
C:\xampp\htdocs\taskinator\models\AdminList.php
C:\xampp\htdocs\taskinator\models\AdminView.php
C:\xampp\htdocs\taskinator\models\ChangePassword.php
C:\xampp\htdocs\taskinator\models\Login.php
C:\xampp\htdocs\taskinator\models\Logout.php
C:\xampp\htdocs\taskinator\models\PersonalData.php
C:\xampp\htdocs\taskinator\models\Register.php
C:\xampp\htdocs\taskinator\models\ResetPassword.php
C:\xampp\htdocs\taskinator\models\ReviewsAndRatings.php
C:\xampp\htdocs\taskinator\models\ReviewsAndRatingsAdd.php
C:\xampp\htdocs\taskinator\models\ReviewsAndRatingsDelete.php
C:\xampp\htdocs\taskinator\models\ReviewsAndRatingsEdit.php
C:\xampp\htdocs\taskinator\models\ReviewsAndRatingsList.php
C:\xampp\htdocs\taskinator\models\ReviewsAndRatingsView.php
C:\xampp\htdocs\taskinator\models\Role.php
C:\xampp\htdocs\taskinator\models\RoleAdd.php
C:\xampp\htdocs\taskinator\models\RoleDelete.php
C:\xampp\htdocs\taskinator\models\RoleEdit.php
C:\xampp\htdocs\taskinator\models\RoleList.php
C:\xampp\htdocs\taskinator\models\RoleView.php
C:\xampp\htdocs\taskinator\models\Service.php
C:\xampp\htdocs\taskinator\models\ServiceAdd.php
C:\xampp\htdocs\taskinator\models\ServiceDelete.php
C:\xampp\htdocs\taskinator\models\ServiceEdit.php
C:\xampp\htdocs\taskinator\models\ServiceList.php
C:\xampp\htdocs\taskinator\models\ServiceView.php
C:\xampp\htdocs\taskinator\models\Services.php
C:\xampp\htdocs\taskinator\models\ServicesAdd.php
C:\xampp\htdocs\taskinator\models\ServicesDelete.php
C:\xampp\htdocs\taskinator\models\ServicesEdit.php
C:\xampp\htdocs\taskinator\models\ServicesList.php
C:\xampp\htdocs\taskinator\models\ServicesView.php
C:\xampp\htdocs\taskinator\models\Task.php
C:\xampp\htdocs\taskinator\models\TaskAdd.php
C:\xampp\htdocs\taskinator\models\TaskDelete.php
C:\xampp\htdocs\taskinator\models\TaskEdit.php
C:\xampp\htdocs\taskinator\models\TaskList.php
C:\xampp\htdocs\taskinator\models\TaskView.php
C:\xampp\htdocs\taskinator\models\Tasker.php
C:\xampp\htdocs\taskinator\models\TaskerAdd.php
C:\xampp\htdocs\taskinator\models\TaskerDelete.php
C:\xampp\htdocs\taskinator\models\TaskerEdit.php
C:\xampp\htdocs\taskinator\models\TaskerList.php
C:\xampp\htdocs\taskinator\models\TaskerService.php
C:\xampp\htdocs\taskinator\models\TaskerServiceAdd.php
C:\xampp\htdocs\taskinator\models\TaskerServiceDelete.php
C:\xampp\htdocs\taskinator\models\TaskerServiceEdit.php
C:\xampp\htdocs\taskinator\models\TaskerServiceList.php
C:\xampp\htdocs\taskinator\models\TaskerServiceView.php
C:\xampp\htdocs\taskinator\models\TaskerView.php
C:\xampp\htdocs\taskinator\models\Tasks.php
C:\xampp\htdocs\taskinator\models\TasksAdd.php
C:\xampp\htdocs\taskinator\models\TasksDelete.php
C:\xampp\htdocs\taskinator\models\TasksEdit.php
C:\xampp\htdocs\taskinator\models\TasksList.php
C:\xampp\htdocs\taskinator\models\TasksView.php
C:\xampp\htdocs\taskinator\models\User.php
C:\xampp\htdocs\taskinator\models\UserAdd.php
C:\xampp\htdocs\taskinator\models\UserDelete.php
C:\xampp\htdocs\taskinator\models\UserEdit.php
C:\xampp\htdocs\taskinator\models\UserLevelPermissions.php
C:\xampp\htdocs\taskinator\models\UserLevelPermissionsAdd.php
C:\xampp\htdocs\taskinator\models\UserLevelPermissionsDelete.php
C:\xampp\htdocs\taskinator\models\UserLevelPermissionsEdit.php
C:\xampp\htdocs\taskinator\models\UserLevelPermissionsList.php
C:\xampp\htdocs\taskinator\models\UserLevelPermissionsView.php
C:\xampp\htdocs\taskinator\models\UserLevels.php
C:\xampp\htdocs\taskinator\models\UserLevelsAdd.php
C:\xampp\htdocs\taskinator\models\UserLevelsDelete.php
C:\xampp\htdocs\taskinator\models\UserLevelsEdit.php
C:\xampp\htdocs\taskinator\models\UserLevelsList.php
C:\xampp\htdocs\taskinator\models\UserLevelsView.php
C:\xampp\htdocs\taskinator\models\UserList.php
C:\xampp\htdocs\taskinator\models\UserView.php
C:\xampp\htdocs\taskinator\models\Userpriv.php
C:\xampp\htdocs\taskinator\models\Users.php
C:\xampp\htdocs\taskinator\models\UsersAdd.php
C:\xampp\htdocs\taskinator\models\UsersDelete.php
C:\xampp\htdocs\taskinator\models\UsersEdit.php
C:\xampp\htdocs\taskinator\models\UsersList.php
C:\xampp\htdocs\taskinator\models\UsersView.php
C:\xampp\htdocs\taskinator\package.json
C:\xampp\htdocs\taskinator\src\AbstractController.php
C:\xampp\htdocs\taskinator\src\AbstractEntity.php
C:\xampp\htdocs\taskinator\src\AbstractExport.php
C:\xampp\htdocs\taskinator\src\AbstractExportBase.php
C:\xampp\htdocs\taskinator\src\AbstractTwoFactorAuthentication.php
C:\xampp\htdocs\taskinator\src\AdvancedFilter.php
C:\xampp\htdocs\taskinator\src\AdvancedSearch.php
C:\xampp\htdocs\taskinator\src\AdvancedSecurity.php
C:\xampp\htdocs\taskinator\src\Allow.php
C:\xampp\htdocs\taskinator\src\ApiActionEvent.php
C:\xampp\htdocs\taskinator\src\ApiPermissionMiddleware.php
C:\xampp\htdocs\taskinator\src\Attributes.php
C:\xampp\htdocs\taskinator\src\Attributes\Delete.php
C:\xampp\htdocs\taskinator\src\Attributes\Get.php
C:\xampp\htdocs\taskinator\src\Attributes\Map.php
C:\xampp\htdocs\taskinator\src\Attributes\Options.php
C:\xampp\htdocs\taskinator\src\Attributes\Patch.php
C:\xampp\htdocs\taskinator\src\Attributes\Post.php
C:\xampp\htdocs\taskinator\src\Attributes\Put.php
C:\xampp\htdocs\taskinator\src\AuditTrailHandler.php
C:\xampp\htdocs\taskinator\src\AzureAD.php
C:\xampp\htdocs\taskinator\src\BasicSearch.php
C:\xampp\htdocs\taskinator\src\Breadcrumb.php
C:\xampp\htdocs\taskinator\src\BytesType.php
C:\xampp\htdocs\taskinator\src\CaptchaBase.php
C:\xampp\htdocs\taskinator\src\CaptchaInterface.php
C:\xampp\htdocs\taskinator\src\ChartExporter.php
C:\xampp\htdocs\taskinator\src\ChartJsRenderer.php
C:\xampp\htdocs\taskinator\src\ChartRendererInterface.php
C:\xampp\htdocs\taskinator\src\ChartTypes.php
C:\xampp\htdocs\taskinator\src\ConfigurationEvent.php
C:\xampp\htdocs\taskinator\src\ContainerBuildEvent.php
C:\xampp\htdocs\taskinator\src\CorsMiddleware.php
C:\xampp\htdocs\taskinator\src\CrosstabColumn.php
C:\xampp\htdocs\taskinator\src\CrosstabTable.php
C:\xampp\htdocs\taskinator\src\CustomUploadHandler.php
C:\xampp\htdocs\taskinator\src\DataType.php
C:\xampp\htdocs\taskinator\src\DatabaseConnectedEvent.php
C:\xampp\htdocs\taskinator\src\DatabaseConnectingEvent.php
C:\xampp\htdocs\taskinator\src\DbChart.php
C:\xampp\htdocs\taskinator\src\DbField.php
C:\xampp\htdocs\taskinator\src\DbTable.php
C:\xampp\htdocs\taskinator\src\DbTableBase.php
C:\xampp\htdocs\taskinator\src\DebugSqlLogger.php
C:\xampp\htdocs\taskinator\src\Email.php
C:\xampp\htdocs\taskinator\src\EmailTwoFactorAuthentication.php
C:\xampp\htdocs\taskinator\src\EntityDescriptor.php
C:\xampp\htdocs\taskinator\src\Entity\Admin.php
C:\xampp\htdocs\taskinator\src\Entity\ReviewsAndRating.php
C:\xampp\htdocs\taskinator\src\Entity\Role.php
C:\xampp\htdocs\taskinator\src\Entity\Service.php
C:\xampp\htdocs\taskinator\src\Entity\Task.php
C:\xampp\htdocs\taskinator\src\Entity\Tasker.php
C:\xampp\htdocs\taskinator\src\Entity\TaskerService.php
C:\xampp\htdocs\taskinator\src\Entity\User.php
C:\xampp\htdocs\taskinator\src\Entity\UserLevel.php
C:\xampp\htdocs\taskinator\src\Entity\UserLevelPermission.php
C:\xampp\htdocs\taskinator\src\ExportCsv.php
C:\xampp\htdocs\taskinator\src\ExportEmail.php
C:\xampp\htdocs\taskinator\src\ExportExcel.php
C:\xampp\htdocs\taskinator\src\ExportHandler.php
C:\xampp\htdocs\taskinator\src\ExportHtml.php
C:\xampp\htdocs\taskinator\src\ExportJson.php
C:\xampp\htdocs\taskinator\src\ExportPdf.php
C:\xampp\htdocs\taskinator\src\ExportWord.php
C:\xampp\htdocs\taskinator\src\ExportXml.php
C:\xampp\htdocs\taskinator\src\FileUploadHandler.php
C:\xampp\htdocs\taskinator\src\FileViewer.php
C:\xampp\htdocs\taskinator\src\ForceLogoutUserAction.php
C:\xampp\htdocs\taskinator\src\GeographyType.php
C:\xampp\htdocs\taskinator\src\GeometryType.php
C:\xampp\htdocs\taskinator\src\HierarchyIdType.php
C:\xampp\htdocs\taskinator\src\HttpErrorHandler.php
C:\xampp\htdocs\taskinator\src\HttpForm.php
C:\xampp\htdocs\taskinator\src\HttpServiceUnavailableException.php
C:\xampp\htdocs\taskinator\src\HttpSession.php
C:\xampp\htdocs\taskinator\src\HttpUpload.php
C:\xampp\htdocs\taskinator\src\JwtMiddleware.php
C:\xampp\htdocs\taskinator\src\Language.php
C:\xampp\htdocs\taskinator\src\LanguageLoadEvent.php
C:\xampp\htdocs\taskinator\src\LaravelSessionMiddleware.php
C:\xampp\htdocs\taskinator\src\LdapConn.php
C:\xampp\htdocs\taskinator\src\ListAction.php
C:\xampp\htdocs\taskinator\src\ListActions.php
C:\xampp\htdocs\taskinator\src\ListOption.php
C:\xampp\htdocs\taskinator\src\ListOptions.php
C:\xampp\htdocs\taskinator\src\ListOptionsArray.php
C:\xampp\htdocs\taskinator\src\LoginStatusEvent.php
C:\xampp\htdocs\taskinator\src\Lookup.php
C:\xampp\htdocs\taskinator\src\MaintenanceMiddleware.php
C:\xampp\htdocs\taskinator\src\Menu.php
C:\xampp\htdocs\taskinator\src\MenuItem.php
C:\xampp\htdocs\taskinator\src\MenuItemAddingEvent.php
C:\xampp\htdocs\taskinator\src\MenuRenderedEvent.php
C:\xampp\htdocs\taskinator\src\MenuRenderingEvent.php
C:\xampp\htdocs\taskinator\src\MessagesTrait.php
C:\xampp\htdocs\taskinator\src\NumericPager.php
C:\xampp\htdocs\taskinator\src\OptionValues.php
C:\xampp\htdocs\taskinator\src\PageLoadingEvent.php
C:\xampp\htdocs\taskinator\src\PageRenderingEvent.php
C:\xampp\htdocs\taskinator\src\PageUnloadedEvent.php
C:\xampp\htdocs\taskinator\src\Pager.php
C:\xampp\htdocs\taskinator\src\PagerItem.php
C:\xampp\htdocs\taskinator\src\PasswordHash.php
C:\xampp\htdocs\taskinator\src\PermissionMiddleware.php
C:\xampp\htdocs\taskinator\src\PhpEncryption.php
C:\xampp\htdocs\taskinator\src\PragmaRxTwoFactorAuthentication.php
C:\xampp\htdocs\taskinator\src\PrevNextPager.php
C:\xampp\htdocs\taskinator\src\PushNotification.php
C:\xampp\htdocs\taskinator\src\ReportField.php
C:\xampp\htdocs\taskinator\src\ReportTable.php
C:\xampp\htdocs\taskinator\src\ResendRegisterEmailAction.php
C:\xampp\htdocs\taskinator\src\ResetConcurrentUserAction.php
C:\xampp\htdocs\taskinator\src\ResetLoginRetryAction.php
C:\xampp\htdocs\taskinator\src\ResetUserSecretAction.php
C:\xampp\htdocs\taskinator\src\RouteActionEvent.php
C:\xampp\htdocs\taskinator\src\RouteAttributes.php
C:\xampp\htdocs\taskinator\src\RowSummary.php
C:\xampp\htdocs\taskinator\src\RowTotal.php
C:\xampp\htdocs\taskinator\src\RowType.php
C:\xampp\htdocs\taskinator\src\Saml2.php
C:\xampp\htdocs\taskinator\src\SessionHandler.php
C:\xampp\htdocs\taskinator\src\SetPasswordExpiredAction.php
C:\xampp\htdocs\taskinator\src\Sms.php
C:\xampp\htdocs\taskinator\src\SmsTwoFactorAuthentication.php
C:\xampp\htdocs\taskinator\src\SsoStateSessionStore.php
C:\xampp\htdocs\taskinator\src\SubPage.php
C:\xampp\htdocs\taskinator\src\SubPages.php
C:\xampp\htdocs\taskinator\src\SummaryField.php
C:\xampp\htdocs\taskinator\src\Timer.php
C:\xampp\htdocs\taskinator\src\TwoFactorAuthenticationInterface.php
C:\xampp\htdocs\taskinator\src\UploadHandler.php
C:\xampp\htdocs\taskinator\src\UserProfile.php
C:\xampp\htdocs\taskinator\src\XmlDocument.php
C:\xampp\htdocs\taskinator\src\apiroutes.php
C:\xampp\htdocs\taskinator\src\config.development.php
C:\xampp\htdocs\taskinator\src\config.php
C:\xampp\htdocs\taskinator\src\config.production.php
C:\xampp\htdocs\taskinator\src\constants.php
C:\xampp\htdocs\taskinator\src\definitions.php
C:\xampp\htdocs\taskinator\src\phpfn.php
C:\xampp\htdocs\taskinator\src\routes.php
C:\xampp\htdocs\taskinator\src\userfn.php
C:\xampp\htdocs\taskinator\src\userlevelsettings.php
C:\xampp\htdocs\taskinator\views\AdminAdd.php
C:\xampp\htdocs\taskinator\views\AdminDelete.php
C:\xampp\htdocs\taskinator\views\AdminEdit.php
C:\xampp\htdocs\taskinator\views\AdminList.php
C:\xampp\htdocs\taskinator\views\AdminView.php
C:\xampp\htdocs\taskinator\views\ChangePassword.php
C:\xampp\htdocs\taskinator\views\Error.php
C:\xampp\htdocs\taskinator\views\Login.php
C:\xampp\htdocs\taskinator\views\PersonalData.php
C:\xampp\htdocs\taskinator\views\Register.php
C:\xampp\htdocs\taskinator\views\ResetPassword.php
C:\xampp\htdocs\taskinator\views\ReviewsAndRatingsAdd.php
C:\xampp\htdocs\taskinator\views\ReviewsAndRatingsDelete.php
C:\xampp\htdocs\taskinator\views\ReviewsAndRatingsEdit.php
C:\xampp\htdocs\taskinator\views\ReviewsAndRatingsList.php
C:\xampp\htdocs\taskinator\views\ReviewsAndRatingsView.php
C:\xampp\htdocs\taskinator\views\RoleAdd.php
C:\xampp\htdocs\taskinator\views\RoleDelete.php
C:\xampp\htdocs\taskinator\views\RoleEdit.php
C:\xampp\htdocs\taskinator\views\RoleList.php
C:\xampp\htdocs\taskinator\views\RoleView.php
C:\xampp\htdocs\taskinator\views\ServiceAdd.php
C:\xampp\htdocs\taskinator\views\ServiceDelete.php
C:\xampp\htdocs\taskinator\views\ServiceEdit.php
C:\xampp\htdocs\taskinator\views\ServiceList.php
C:\xampp\htdocs\taskinator\views\ServiceView.php
C:\xampp\htdocs\taskinator\views\ServicesAdd.php
C:\xampp\htdocs\taskinator\views\ServicesDelete.php
C:\xampp\htdocs\taskinator\views\ServicesEdit.php
C:\xampp\htdocs\taskinator\views\ServicesList.php
C:\xampp\htdocs\taskinator\views\ServicesView.php
C:\xampp\htdocs\taskinator\views\TaskAdd.php
C:\xampp\htdocs\taskinator\views\TaskDelete.php
C:\xampp\htdocs\taskinator\views\TaskEdit.php
C:\xampp\htdocs\taskinator\views\TaskList.php
C:\xampp\htdocs\taskinator\views\TaskView.php
C:\xampp\htdocs\taskinator\views\TaskerAdd.php
C:\xampp\htdocs\taskinator\views\TaskerDelete.php
C:\xampp\htdocs\taskinator\views\TaskerEdit.php
C:\xampp\htdocs\taskinator\views\TaskerList.php
C:\xampp\htdocs\taskinator\views\TaskerServiceAdd.php
C:\xampp\htdocs\taskinator\views\TaskerServiceDelete.php
C:\xampp\htdocs\taskinator\views\TaskerServiceEdit.php
C:\xampp\htdocs\taskinator\views\TaskerServiceList.php
C:\xampp\htdocs\taskinator\views\TaskerServiceView.php
C:\xampp\htdocs\taskinator\views\TaskerView.php
C:\xampp\htdocs\taskinator\views\TasksAdd.php
C:\xampp\htdocs\taskinator\views\TasksDelete.php
C:\xampp\htdocs\taskinator\views\TasksEdit.php
C:\xampp\htdocs\taskinator\views\TasksList.php
C:\xampp\htdocs\taskinator\views\TasksView.php
C:\xampp\htdocs\taskinator\views\UserAdd.php
C:\xampp\htdocs\taskinator\views\UserDelete.php
C:\xampp\htdocs\taskinator\views\UserEdit.php
C:\xampp\htdocs\taskinator\views\UserLevelPermissionsAdd.php
C:\xampp\htdocs\taskinator\views\UserLevelPermissionsDelete.php
C:\xampp\htdocs\taskinator\views\UserLevelPermissionsEdit.php
C:\xampp\htdocs\taskinator\views\UserLevelPermissionsList.php
C:\xampp\htdocs\taskinator\views\UserLevelPermissionsView.php
C:\xampp\htdocs\taskinator\views\UserLevelsAdd.php
C:\xampp\htdocs\taskinator\views\UserLevelsDelete.php
C:\xampp\htdocs\taskinator\views\UserLevelsEdit.php
C:\xampp\htdocs\taskinator\views\UserLevelsList.php
C:\xampp\htdocs\taskinator\views\UserLevelsView.php
C:\xampp\htdocs\taskinator\views\UserList.php
C:\xampp\htdocs\taskinator\views\UserView.php
C:\xampp\htdocs\taskinator\views\Userpriv.php
C:\xampp\htdocs\taskinator\views\UsersAdd.php
C:\xampp\htdocs\taskinator\views\UsersDelete.php
C:\xampp\htdocs\taskinator\views\UsersEdit.php
C:\xampp\htdocs\taskinator\views\UsersList.php
C:\xampp\htdocs\taskinator\views\UsersView.php
C:\xampp\htdocs\taskinator\views\email.php
C:\xampp\htdocs\taskinator\views\layout.php
C:\xampp\htdocs\taskinator\views\menu.php
C:\xampp\htdocs\taskinator\views\swagger.php
C:\xampp\htdocs\taskinator\web.config